<?xml version="1.0" encoding="utf-8"?><testsuites name="pytest tests"><testsuite name="pytest" errors="0" failures="0" skipped="0" tests="3" time="5.957" timestamp="2026-09-18T17:17:57.670048+00:00" hostname="agent-env-18fbfb76-a4a6-4299-994f-bcc3b2aeef81"><testcase classname="backend.tests.test_iteration23_crm" name="test_ai_parse_contact_ch_mme" time="5.167" /><testcase classname="backend.tests.test_iteration23_crm" name="test_client_full_lifecycle_ch" time="0.559" /><testcase classname="backend.tests.test_iteration23_crm" name="test_cleanup_test_clients" time="0.176" /></testsuite></testsuites>