<?xml version="1.0" encoding="utf-8"?><testsuites name="pytest tests"><testsuite name="pytest" errors="0" failures="0" skipped="0" tests="5" time="8.801" timestamp="2026-09-18T16:20:44.317702+00:00" hostname="agent-env-18fbfb76-a4a6-4299-994f-bcc3b2aeef81"><testcase classname="backend.tests.test_iteration22_crm" name="test_overview_returns_enriched_list" time="0.466" /><testcase classname="backend.tests.test_iteration22_crm" name="test_quick_update_partial" time="0.155" /><testcase classname="backend.tests.test_iteration22_crm" name="test_ai_parse_contact" time="5.138" /><testcase classname="backend.tests.test_iteration22_crm" name="test_ai_tidy_notes" time="2.677" /><testcase classname="backend.tests.test_iteration22_crm" name="test_delete_client_and_verify_gone" time="0.306" /></testsuite></testsuites>