<?xml version="1.0" encoding="utf-8"?><testsuites name="pytest tests"><testsuite name="pytest" errors="0" failures="0" skipped="0" tests="6" time="4.826" timestamp="2026-09-18T17:41:36.841190+00:00" hostname="agent-env-18fbfb76-a4a6-4299-994f-bcc3b2aeef81"><testcase classname="backend.tests.test_iteration24_crm_zones" name="test_create_client_zone_hs_returned_fields" time="0.394" /><testcase classname="backend.tests.test_iteration24_crm_zones" name="test_guess_zone_from_postal_code" time="0.181" /><testcase classname="backend.tests.test_iteration24_crm_zones" name="test_quick_update_resets_reminder_sent_at" time="0.252" /><testcase classname="backend.tests.test_iteration24_crm_zones" name="test_run_reminders_now_sends_one" time="0.453" /><testcase classname="backend.tests.test_iteration24_crm_zones" name="test_ai_parse_contact_annecy_hs" time="2.864" /><testcase classname="backend.tests.test_iteration24_crm_zones" name="test_cleanup_all_test_clients" time="0.624" /></testsuite></testsuites>