<?xml version="1.0" encoding="utf-8"?><testsuites name="pytest tests"><testsuite name="pytest" errors="0" failures="0" skipped="0" tests="7" time="1.563" timestamp="2026-03-15T17:23:00.929780+00:00" hostname="agent-env-ca4da45c-f77d-4061-b389-115c53b16f3f"><testcase classname="tests.test_catalog_colors_and_diagnostic.TestCatalogColors" name="test_catalog_endpoint_returns_items" time="0.213" /><testcase classname="tests.test_catalog_colors_and_diagnostic.TestCatalogColors" name="test_catalog_items_have_colors" time="0.132" /><testcase classname="tests.test_catalog_colors_and_diagnostic.TestCatalogColors" name="test_catalog_colors_match_categories" time="0.114" /><testcase classname="tests.test_catalog_colors_and_diagnostic.TestQuoteDiagnostic" name="test_create_quote_with_diagnostic_dict" time="0.264" /><testcase classname="tests.test_catalog_colors_and_diagnostic.TestQuoteDiagnostic" name="test_get_quote_returns_diagnostic" time="0.349" /><testcase classname="tests.test_catalog_colors_and_diagnostic.TestQuoteDiagnostic" name="test_update_quote_with_diagnostic" time="0.329" /><testcase classname="tests.test_catalog_colors_and_diagnostic.TestCleanup" name="test_cleanup_test_data" time="0.108" /></testsuite></testsuites>