<?xml version="1.0" encoding="utf-8"?><testsuites name="pytest tests"><testsuite name="pytest" errors="0" failures="0" skipped="0" tests="12" time="1.444" timestamp="2026-03-15T20:08:34.071886+00:00" hostname="agent-env-f3239e98-681a-4ef7-be8a-6e5db18862df"><testcase classname="backend.tests.test_email_redesign.TestEmailRedesignBackend" name="test_pin_auth_still_works" time="0.268" /><testcase classname="backend.tests.test_email_redesign.TestEmailRedesignBackend" name="test_send_email_endpoint_accepts_payload_without_pdf" time="0.441" /><testcase classname="backend.tests.test_email_redesign.TestEmailRedesignBackend" name="test_send_email_endpoint_accepts_pdf_fields" time="0.440" /><testcase classname="backend.tests.test_email_redesign.TestEmailRedesignBackend" name="test_public_quote_endpoint_works" time="0.112" /><testcase classname="backend.tests.test_email_redesign.TestEmailRedesignBackend" name="test_api_root_works" time="0.116" /><testcase classname="backend.tests.test_email_redesign.TestEmailTemplateStructure" name="test_verify_sender_format_in_code" time="0.001" /><testcase classname="backend.tests.test_email_redesign.TestEmailTemplateStructure" name="test_verify_gradient_header_in_code" time="0.000" /><testcase classname="backend.tests.test_email_redesign.TestEmailTemplateStructure" name="test_verify_cta_button_color_in_code" time="0.000" /><testcase classname="backend.tests.test_email_redesign.TestEmailTemplateStructure" name="test_verify_footer_contact_info_in_code" time="0.000" /><testcase classname="backend.tests.test_email_redesign.TestEmailTemplateStructure" name="test_verify_no_price_in_email_body" time="0.000" /><testcase classname="backend.tests.test_email_redesign.TestEmailTemplateStructure" name="test_verify_pdf_attachment_support_in_code" time="0.000" /><testcase classname="backend.tests.test_email_redesign.TestSendQuoteEmailModel" name="test_verify_model_has_pdf_fields" time="0.000" /></testsuite></testsuites>