<?xml version="1.0" encoding="utf-8"?><testsuites name="pytest tests"><testsuite name="pytest" errors="0" failures="0" skipped="0" tests="15" time="4.366" timestamp="2026-02-16T01:12:44.545101+00:00" hostname="agent-env-c34e6758-d1a8-4937-af13-8f19e9e07e27"><testcase classname="backend.tests.test_sr_renovation_api_v2.TestAPIHealth" name="test_api_root" time="0.548" /><testcase classname="backend.tests.test_sr_renovation_api_v2.TestFlatAmountDiscountQuotes" name="test_quote_flat_discount_200_on_1690" time="0.385" /><testcase classname="backend.tests.test_sr_renovation_api_v2.TestFlatAmountDiscountQuotes" name="test_quote_percentage_discount_10_on_1000" time="0.257" /><testcase classname="backend.tests.test_sr_renovation_api_v2.TestFlatAmountDiscountQuotes" name="test_quote_percentage_takes_priority_over_flat" time="0.305" /><testcase classname="backend.tests.test_sr_renovation_api_v2.TestFlatAmountDiscountQuotes" name="test_quote_no_discount" time="0.348" /><testcase classname="backend.tests.test_sr_renovation_api_v2.TestDiagnosticOnQuotes" name="test_quote_with_diagnostic_checked" time="0.347" /><testcase classname="backend.tests.test_sr_renovation_api_v2.TestDiagnosticOnQuotes" name="test_quote_without_diagnostic" time="0.246" /><testcase classname="backend.tests.test_sr_renovation_api_v2.TestDiagnosticOnQuotes" name="test_quote_diagnostic_persists_after_get" time="0.420" /><testcase classname="backend.tests.test_sr_renovation_api_v2.TestFlatAmountDiscountInvoices" name="test_invoice_flat_discount_with_acompte" time="0.227" /><testcase classname="backend.tests.test_sr_renovation_api_v2.TestFlatAmountDiscountInvoices" name="test_invoice_percentage_discount" time="0.324" /><testcase classname="backend.tests.test_sr_renovation_api_v2.TestPerClientNumbering" name="test_new_client_starts_at_01" time="0.264" /><testcase classname="backend.tests.test_sr_renovation_api_v2.TestPerClientNumbering" name="test_new_client_invoice_starts_at_01" time="0.234" /><testcase classname="backend.tests.test_sr_renovation_api_v2.TestNewClientInlineCreation" name="test_quote_with_inline_client_optional_email" time="0.120" /><testcase classname="backend.tests.test_sr_renovation_api_v2.TestNewClientInlineCreation" name="test_invoice_with_inline_client_with_email" time="0.119" /><testcase classname="backend.tests.test_sr_renovation_api_v2.TestStatsEndpoint" name="test_get_stats" time="0.143" /></testsuite></testsuites>