<?xml version="1.0" encoding="utf-8"?><testsuites name="pytest tests"><testsuite name="pytest" errors="0" failures="0" skipped="0" tests="9" time="1.469" timestamp="2026-03-15T18:46:27.536741+00:00" hostname="agent-env-f3239e98-681a-4ef7-be8a-6e5db18862df"><testcase classname="backend.tests.test_public_quote_pdfvisual.TestPublicQuoteForPDFParity" name="test_public_quote_returns_all_pdf_fields" time="0.217" /><testcase classname="backend.tests.test_public_quote_pdfvisual.TestPublicQuoteForPDFParity" name="test_public_quote_client_fields_not_empty" time="0.150" /><testcase classname="backend.tests.test_public_quote_pdfvisual.TestPublicQuoteForPDFParity" name="test_public_quote_totals_calculated" time="0.178" /><testcase classname="backend.tests.test_public_quote_pdfvisual.TestPublicQuoteForPDFParity" name="test_public_quote_services_structure" time="0.133" /><testcase classname="backend.tests.test_public_quote_pdfvisual.TestPublicQuoteForPDFParity" name="test_public_quote_invalid_token" time="0.126" /><testcase classname="backend.tests.test_public_quote_pdfvisual.TestPublicQuoteForPDFParity" name="test_opened_tracking_endpoint" time="0.138" /><testcase classname="backend.tests.test_public_quote_pdfvisual.TestPinAuth" name="test_verify_pin_correct" time="0.157" /><testcase classname="backend.tests.test_public_quote_pdfvisual.TestPinAuth" name="test_verify_pin_wrong" time="0.174" /><testcase classname="backend.tests.test_public_quote_pdfvisual.TestQuoteSignFlow" name="test_sign_endpoint_exists" time="0.128" /></testsuite></testsuites>