<?xml version="1.0" encoding="utf-8"?><testsuites name="pytest tests"><testsuite name="pytest" errors="0" failures="0" skipped="0" tests="17" time="0.895" timestamp="2026-03-15T21:57:29.234266+00:00" hostname="agent-env-f3239e98-681a-4ef7-be8a-6e5db18862df"><testcase classname="backend.tests.test_iteration12.TestPinAuth" name="test_pin_auth_works" time="0.225" /><testcase classname="backend.tests.test_iteration12.TestPinAuth" name="test_invalid_pin_rejected" time="0.152" /><testcase classname="backend.tests.test_iteration12.TestPublicQuoteEndpoint" name="test_public_quote_returns_data" time="0.134" /><testcase classname="backend.tests.test_iteration12.TestSignEndpointModel" name="test_sign_endpoint_accepts_pdf_fields" time="0.148" /><testcase classname="backend.tests.test_iteration12.TestEmailTemplateStructure" name="test_send_email_subtitle_has_nettoyage_toiture" time="0.000" /><testcase classname="backend.tests.test_iteration12.TestEmailTemplateStructure" name="test_cta_button_color_f9a825" time="0.000" /><testcase classname="backend.tests.test_iteration12.TestEmailTemplateStructure" name="test_footer_has_unicode_icons" time="0.000" /><testcase classname="backend.tests.test_iteration12.TestEmailTemplateStructure" name="test_email_uses_georgia_serif_font" time="0.000" /><testcase classname="backend.tests.test_iteration12.TestEmailTemplateStructure" name="test_email_has_proper_html_entities" time="0.000" /><testcase classname="backend.tests.test_iteration12.TestSignEndpointEmails" name="test_admin_notification_email_exists" time="0.000" /><testcase classname="backend.tests.test_iteration12.TestSignEndpointEmails" name="test_client_confirmation_email_has_rib" time="0.000" /><testcase classname="backend.tests.test_iteration12.TestSignEndpointEmails" name="test_sign_endpoint_sends_pdf_attachment" time="0.000" /><testcase classname="backend.tests.test_iteration12.TestFrontendStructure" name="test_greeting_format_bonjour_monsieur_lastname" time="0.000" /><testcase classname="backend.tests.test_iteration12.TestFrontendStructure" name="test_pdf_document_shows_signature" time="0.000" /><testcase classname="backend.tests.test_iteration12.TestFrontendStructure" name="test_public_page_has_download_signed_button" time="0.000" /><testcase classname="backend.tests.test_iteration12.TestFrontendStructure" name="test_public_page_responsive_scaling" time="0.000" /><testcase classname="backend.tests.test_iteration12.TestApiRoot" name="test_api_root" time="0.171" /></testsuite></testsuites>