<?xml version="1.0" encoding="utf-8"?><testsuites name="pytest tests"><testsuite name="pytest" errors="0" failures="0" skipped="0" tests="15" time="6.682" timestamp="2026-03-15T18:13:46.344254+00:00" hostname="agent-env-ca4da45c-f77d-4061-b389-115c53b16f3f"><testcase classname="backend.tests.test_pin_auth_and_public_quote.TestPinAuthentication" name="test_verify_pin_success" time="0.164" /><testcase classname="backend.tests.test_pin_auth_and_public_quote.TestPinAuthentication" name="test_verify_pin_wrong_pin" time="0.133" /><testcase classname="backend.tests.test_pin_auth_and_public_quote.TestPinAuthentication" name="test_change_pin_wrong_current_pin" time="0.132" /><testcase classname="backend.tests.test_pin_auth_and_public_quote.TestPinAuthentication" name="test_change_pin_success" time="0.599" /><testcase classname="backend.tests.test_pin_auth_and_public_quote.TestPinAuthentication" name="test_recover_pin_success" time="0.364" /><testcase classname="backend.tests.test_pin_auth_and_public_quote.TestPublicQuote" name="test_get_quotes_returns_public_token" time="0.131" /><testcase classname="backend.tests.test_pin_auth_and_public_quote.TestPublicQuote" name="test_public_quote_access_with_valid_token" time="0.656" /><testcase classname="backend.tests.test_pin_auth_and_public_quote.TestPublicQuote" name="test_public_quote_access_invalid_token" time="0.132" /><testcase classname="backend.tests.test_pin_auth_and_public_quote.TestPublicQuote" name="test_public_quote_opened_tracking" time="0.824" /><testcase classname="backend.tests.test_pin_auth_and_public_quote.TestPublicQuote" name="test_public_quote_sign" time="1.274" /><testcase classname="backend.tests.test_pin_auth_and_public_quote.TestPublicQuote" name="test_public_quote_double_sign_prevented" time="0.968" /><testcase classname="backend.tests.test_pin_auth_and_public_quote.TestSendQuoteEmail" name="test_send_quote_email_success" time="0.826" /><testcase classname="backend.tests.test_pin_auth_and_public_quote.TestSendQuoteEmail" name="test_send_quote_email_not_found" time="0.146" /><testcase classname="backend.tests.test_pin_auth_and_public_quote.TestQuoteTrackingBadges" name="test_quotes_api_returns_tracking_fields" time="0.125" /><testcase classname="backend.tests.test_pin_auth_and_public_quote.TestCleanup" name="test_cleanup_test_data" time="0.130" /></testsuite></testsuites>