<?xml version="1.0" encoding="utf-8"?><testsuites name="pytest tests"><testsuite name="pytest" errors="0" failures="0" skipped="0" tests="17" time="2.804" timestamp="2026-06-09T17:34:04.946911+00:00" hostname="agent-env-345aa1ff-b651-47db-ad18-98a407cf9adb"><testcase classname="backend.tests.test_relances_iteration15.TestRelanceTemplates" name="test_get_relance_templates_returns_4" time="0.195" /><testcase classname="backend.tests.test_relances_iteration15.TestRelanceTemplates" name="test_relance_templates_have_correct_days" time="0.136" /><testcase classname="backend.tests.test_relances_iteration15.TestRelanceTemplates" name="test_relance_templates_have_subject_and_body" time="0.126" /><testcase classname="backend.tests.test_relances_iteration15.TestRelanceTemplates" name="test_relance_templates_no_mongo_id" time="0.109" /><testcase classname="backend.tests.test_relances_iteration15.TestRelanceTemplates" name="test_update_relance_template_j3" time="0.496" /><testcase classname="backend.tests.test_relances_iteration15.TestRelanceTemplates" name="test_update_relance_template_invalid_day" time="0.114" /><testcase classname="backend.tests.test_relances_iteration15.TestToggleRelances" name="test_create_sent_quote_for_toggle_test" time="0.124" /><testcase classname="backend.tests.test_relances_iteration15.TestToggleRelances" name="test_toggle_relances_off" time="0.274" /><testcase classname="backend.tests.test_relances_iteration15.TestToggleRelances" name="test_toggle_relances_back_on" time="0.116" /><testcase classname="backend.tests.test_relances_iteration15.TestToggleRelances" name="test_toggle_relances_nonexistent_quote" time="0.136" /><testcase classname="backend.tests.test_relances_iteration15.TestToggleRelances" name="test_cleanup_toggle_test_quote" time="0.128" /><testcase classname="backend.tests.test_relances_iteration15.TestMarkLost" name="test_create_sent_quote_for_mark_lost" time="0.118" /><testcase classname="backend.tests.test_relances_iteration15.TestMarkLost" name="test_mark_quote_lost" time="0.116" /><testcase classname="backend.tests.test_relances_iteration15.TestMarkLost" name="test_mark_lost_persisted_in_db" time="0.165" /><testcase classname="backend.tests.test_relances_iteration15.TestMarkLost" name="test_mark_lost_nonexistent_quote" time="0.117" /><testcase classname="backend.tests.test_relances_iteration15.TestMarkLost" name="test_cleanup_mark_lost_test_quote" time="0.116" /><testcase classname="backend.tests.test_relances_iteration15.TestQuotesListAPI" name="test_quotes_api_returns_relance_fields" time="0.149" /></testsuite></testsuites>