<?xml version="1.0" encoding="utf-8"?><testsuites name="pytest tests"><testsuite name="pytest" errors="0" failures="0" skipped="0" tests="8" time="1.596" timestamp="2026-06-09T13:33:01.453213+00:00" hostname="agent-env-558eec33-365d-46d0-9b1a-65234533477d"><testcase classname="backend.tests.test_dynamic_options_and_profile.TestProfiles" name="test_profiles_list_contains_known_ids" time="0.320" /><testcase classname="backend.tests.test_dynamic_options_and_profile.TestQuoteCompanySnapshot" name="test_create_quote_with_sr_profile_snapshots_company" time="0.195" /><testcase classname="backend.tests.test_dynamic_options_and_profile.TestQuoteCompanySnapshot" name="test_create_quote_without_profile_uses_default" time="0.062" /><testcase classname="backend.tests.test_dynamic_options_and_profile.TestQuoteCompanySnapshot" name="test_update_quote_changes_profile_snapshot" time="0.189" /><testcase classname="backend.tests.test_dynamic_options_and_profile.TestDynamicOptions" name="test_remise_amount_on_line_recomputes_correctly" time="0.063" /><testcase classname="backend.tests.test_dynamic_options_and_profile.TestDynamicOptions" name="test_create_quote_with_3_dynamic_options_and_global_amount_remise" time="0.103" /><testcase classname="backend.tests.test_dynamic_options_and_profile.TestDynamicOptions" name="test_line_amount_remise_inside_dynamic_option" time="0.056" /><testcase classname="backend.tests.test_dynamic_options_and_profile.TestDynamicOptions" name="test_edit_quote_preserves_dynamic_options" time="0.528" /></testsuite></testsuites>