<?xml version="1.0" encoding="utf-8"?><testsuites name="pytest tests"><testsuite name="pytest" errors="0" failures="0" skipped="0" tests="12" time="2.730" timestamp="2026-03-15T16:04:54.731287+00:00" hostname="agent-env-6536aab3-2583-4855-860c-8ce40567210d"><testcase classname="tests.test_sr_renovation_api_v3.TestAPIHealth" name="test_api_root_accessible" time="0.149" /><testcase classname="tests.test_sr_renovation_api_v3.TestClientsAPI" name="test_create_client" time="0.123" /><testcase classname="tests.test_sr_renovation_api_v3.TestClientsAPI" name="test_get_clients" time="0.111" /><testcase classname="tests.test_sr_renovation_api_v3.TestCatalogAPI" name="test_get_catalog" time="0.142" /><testcase classname="tests.test_sr_renovation_api_v3.TestCatalogAPI" name="test_create_catalog_item" time="0.107" /><testcase classname="tests.test_sr_renovation_api_v3.TestQuotesAPI" name="test_create_quote_with_diagnostic" time="0.236" /><testcase classname="tests.test_sr_renovation_api_v3.TestQuotesAPI" name="test_get_quotes" time="0.227" /><testcase classname="tests.test_sr_renovation_api_v3.TestInvoicesAPI" name="test_create_invoice" time="0.226" /><testcase classname="tests.test_sr_renovation_api_v3.TestInvoicesAPI" name="test_get_invoices" time="0.226" /><testcase classname="tests.test_sr_renovation_api_v3.TestInvoicesAPI" name="test_mark_invoice_as_paid" time="0.432" /><testcase classname="tests.test_sr_renovation_api_v3.TestInvoicesAPI" name="test_mark_invoice_as_pending" time="0.532" /><testcase classname="tests.test_sr_renovation_api_v3.TestStatsAPI" name="test_get_stats" time="0.102" /></testsuite></testsuites>