<?xml version="1.0" encoding="utf-8"?><testsuites name="pytest tests"><testsuite name="pytest" errors="0" failures="0" skipped="0" tests="6" time="1.178" timestamp="2026-06-14T21:34:39.521886+00:00" hostname="agent-env-daf841e1-7d48-4207-83ad-3ca24e703b0e"><testcase classname="backend.tests.test_iteration18_analytics.TestAnalyticsEndpoint" name="test_analytics_status_and_shape" time="0.237" /><testcase classname="backend.tests.test_iteration18_analytics.TestAnalyticsEndpoint" name="test_analytics_types_and_ranges" time="0.049" /><testcase classname="backend.tests.test_iteration18_analytics.TestAnalyticsEndpoint" name="test_revenue_by_month_shape" time="0.047" /><testcase classname="backend.tests.test_iteration18_analytics.TestAnalyticsEndpoint" name="test_top_clients_shape" time="0.048" /><testcase classname="backend.tests.test_iteration18_analytics.TestNotesPatch" name="test_patch_notes_and_restore" time="0.684" /><testcase classname="backend.tests.test_iteration18_analytics.TestNotesPatch" name="test_patch_notes_404_on_unknown_client" time="0.050" /></testsuite></testsuites>