<?xml version="1.0" encoding="utf-8"?><testsuites name="pytest tests"><testsuite name="pytest" errors="0" failures="0" skipped="0" tests="29" time="8.687" timestamp="2026-02-16T00:42:20.164244+00:00" hostname="agent-env-c34e6758-d1a8-4937-af13-8f19e9e07e27"><testcase classname="tests.test_sr_renovation_api.TestAPIHealth" name="test_api_root" time="0.268" /><testcase classname="tests.test_sr_renovation_api.TestClientsCRUD" name="test_create_client_without_email" time="0.243" /><testcase classname="tests.test_sr_renovation_api.TestClientsCRUD" name="test_create_client_with_email" time="0.163" /><testcase classname="tests.test_sr_renovation_api.TestClientsCRUD" name="test_get_clients_list" time="0.139" /><testcase classname="tests.test_sr_renovation_api.TestClientsCRUD" name="test_get_client_by_id" time="0.585" /><testcase classname="tests.test_sr_renovation_api.TestClientsCRUD" name="test_update_client" time="0.305" /><testcase classname="tests.test_sr_renovation_api.TestClientsCRUD" name="test_delete_client" time="0.481" /><testcase classname="tests.test_sr_renovation_api.TestClientsCRUD" name="test_get_nonexistent_client" time="0.122" /><testcase classname="tests.test_sr_renovation_api.TestQuotesWithPerClientNumbering" name="test_create_quote_with_existing_client" time="0.474" /><testcase classname="tests.test_sr_renovation_api.TestQuotesWithPerClientNumbering" name="test_per_client_sequential_numbering" time="0.466" /><testcase classname="tests.test_sr_renovation_api.TestQuotesWithPerClientNumbering" name="test_create_quote_with_new_client_inline" time="0.135" /><testcase classname="tests.test_sr_renovation_api.TestQuotesWithPerClientNumbering" name="test_percentage_discount_calculation" time="0.232" /><testcase classname="tests.test_sr_renovation_api.TestQuotesWithPerClientNumbering" name="test_get_quotes_list" time="0.187" /><testcase classname="tests.test_sr_renovation_api.TestQuotesWithPerClientNumbering" name="test_get_quote_by_id" time="0.580" /><testcase classname="tests.test_sr_renovation_api.TestQuotesWithPerClientNumbering" name="test_delete_quote" time="0.694" /><testcase classname="tests.test_sr_renovation_api.TestInvoicesWithAcompte" name="test_create_invoice_with_acompte" time="0.362" /><testcase classname="tests.test_sr_renovation_api.TestInvoicesWithAcompte" name="test_invoice_fully_paid" time="0.285" /><testcase classname="tests.test_sr_renovation_api.TestInvoicesWithAcompte" name="test_invoice_no_acompte" time="0.271" /><testcase classname="tests.test_sr_renovation_api.TestInvoicesWithAcompte" name="test_create_invoice_with_new_client_inline" time="0.155" /><testcase classname="tests.test_sr_renovation_api.TestInvoicesWithAcompte" name="test_per_client_invoice_numbering" time="0.496" /><testcase classname="tests.test_sr_renovation_api.TestInvoicesWithAcompte" name="test_get_invoices_list" time="0.183" /><testcase classname="tests.test_sr_renovation_api.TestInvoicesWithAcompte" name="test_delete_invoice" time="0.498" /><testcase classname="tests.test_sr_renovation_api.TestCatalogCRUD" name="test_create_catalog_item" time="0.119" /><testcase classname="tests.test_sr_renovation_api.TestCatalogCRUD" name="test_get_catalog_list" time="0.115" /><testcase classname="tests.test_sr_renovation_api.TestCatalogCRUD" name="test_delete_catalog_item" time="0.332" /><testcase classname="tests.test_sr_renovation_api.TestStatsEndpoint" name="test_get_stats" time="0.167" /><testcase classname="tests.test_sr_renovation_api.TestEdgeCases" name="test_quote_without_client_fails" time="0.134" /><testcase classname="tests.test_sr_renovation_api.TestEdgeCases" name="test_invoice_without_client_fails" time="0.138" /><testcase classname="tests.test_sr_renovation_api.TestEdgeCases" name="test_quote_with_invalid_client_fails" time="0.176" /></testsuite></testsuites>