<?xml version="1.0" encoding="utf-8"?><testsuites name="pytest tests"><testsuite name="pytest" errors="0" failures="0" skipped="0" tests="9" time="1.123" timestamp="2026-06-14T20:38:39.477678+00:00" hostname="agent-env-c49e5805-9979-47fa-bf02-36b6edf483f0"><testcase classname="backend.tests.test_iteration16_crm.TestClientTimeline" name="test_timeline_ok" time="0.271" /><testcase classname="backend.tests.test_iteration16_crm.TestClientTimeline" name="test_timeline_404" time="0.049" /><testcase classname="backend.tests.test_iteration16_crm.TestClientNotes" name="test_update_notes_and_persist" time="0.130" /><testcase classname="backend.tests.test_iteration16_crm.TestClientNotes" name="test_update_notes_404" time="0.068" /><testcase classname="backend.tests.test_iteration16_crm.TestPublicToken" name="test_create_or_get_public_token" time="0.171" /><testcase classname="backend.tests.test_iteration16_crm.TestPublicToken" name="test_public_token_404" time="0.044" /><testcase classname="backend.tests.test_iteration16_crm.TestOpenTracking" name="test_open_count_increments" time="0.261" /><testcase classname="backend.tests.test_iteration16_crm.TestExtraAttachmentsSchema" name="test_quote_send_email_schema_ok_invalid_id" time="0.041" /><testcase classname="backend.tests.test_iteration16_crm.TestExtraAttachmentsSchema" name="test_invoice_send_email_schema_ok_invalid_id" time="0.043" /></testsuite></testsuites>